2025-07-27T01:12:21.425+05:30  INFO 23104 --- [lenskart] [restartedMain] com.demp.lenskart.LenskartApplication    : Starting LenskartApplication using Java 17.0.6 with PID 23104 (C:\Users\prasiraj\Capgemini\Lal, Rohita - lenskart\lenskart\target\classes started by prasiraj in C:\Users\prasiraj\Capgemini\Lal, Rohita - lenskart\lenskart)
2025-07-27T01:12:21.469+05:30  INFO 23104 --- [lenskart] [restartedMain] com.demp.lenskart.LenskartApplication    : No active profile set, falling back to 1 default profile: "default"
2025-07-27T01:12:21.565+05:30  INFO 23104 --- [lenskart] [restartedMain] .e.DevToolsPropertyDefaultsPostProcessor : Devtools property defaults active! Set 'spring.devtools.add-properties' to 'false' to disable
2025-07-27T01:12:21.565+05:30  INFO 23104 --- [lenskart] [restartedMain] .e.DevToolsPropertyDefaultsPostProcessor : For additional web related logging consider setting the 'logging.level.web' property to 'DEBUG'
2025-07-27T01:12:23.684+05:30  INFO 23104 --- [lenskart] [restartedMain] .s.d.r.c.RepositoryConfigurationDelegate : Bootstrapping Spring Data JPA repositories in DEFAULT mode.
2025-07-27T01:12:23.872+05:30  INFO 23104 --- [lenskart] [restartedMain] .s.d.r.c.RepositoryConfigurationDelegate : Finished Spring Data repository scanning in 168 ms. Found 8 JPA repository interfaces.
2025-07-27T01:12:25.131+05:30  INFO 23104 --- [lenskart] [restartedMain] o.s.b.w.embedded.tomcat.TomcatWebServer  : Tomcat initialized with port 8080 (http)
2025-07-27T01:12:25.160+05:30  INFO 23104 --- [lenskart] [restartedMain] o.apache.catalina.core.StandardService   : Starting service [Tomcat]
2025-07-27T01:12:25.160+05:30  INFO 23104 --- [lenskart] [restartedMain] o.apache.catalina.core.StandardEngine    : Starting Servlet engine: [Apache Tomcat/10.1.42]
2025-07-27T01:12:25.279+05:30  INFO 23104 --- [lenskart] [restartedMain] o.a.c.c.C.[Tomcat].[localhost].[/]       : Initializing Spring embedded WebApplicationContext
2025-07-27T01:12:25.280+05:30  INFO 23104 --- [lenskart] [restartedMain] w.s.c.ServletWebServerApplicationContext : Root WebApplicationContext: initialization completed in 3713 ms
2025-07-27T01:12:25.639+05:30  INFO 23104 --- [lenskart] [restartedMain] o.hibernate.jpa.internal.util.LogHelper  : HHH000204: Processing PersistenceUnitInfo [name: default]
2025-07-27T01:12:25.804+05:30  INFO 23104 --- [lenskart] [restartedMain] org.hibernate.Version                    : HHH000412: Hibernate ORM core version 6.6.18.Final
2025-07-27T01:12:25.913+05:30  INFO 23104 --- [lenskart] [restartedMain] o.h.c.internal.RegionFactoryInitiator    : HHH000026: Second-level cache disabled
2025-07-27T01:12:26.596+05:30  INFO 23104 --- [lenskart] [restartedMain] o.s.o.j.p.SpringPersistenceUnitInfo      : No LoadTimeWeaver setup: ignoring JPA class transformer
2025-07-27T01:12:26.670+05:30  INFO 23104 --- [lenskart] [restartedMain] com.zaxxer.hikari.HikariDataSource       : HikariPool-1 - Starting...
2025-07-27T01:12:27.179+05:30  INFO 23104 --- [lenskart] [restartedMain] com.zaxxer.hikari.pool.HikariPool        : HikariPool-1 - Added connection org.postgresql.jdbc.PgConnection@7220ab19
2025-07-27T01:12:27.182+05:30  INFO 23104 --- [lenskart] [restartedMain] com.zaxxer.hikari.HikariDataSource       : HikariPool-1 - Start completed.
2025-07-27T01:12:27.260+05:30  WARN 23104 --- [lenskart] [restartedMain] org.hibernate.orm.deprecation            : HHH90000025: PostgreSQLDialect does not need to be specified explicitly using 'hibernate.dialect' (remove the property setting and it will be selected by default)
2025-07-27T01:12:27.312+05:30  INFO 23104 --- [lenskart] [restartedMain] org.hibernate.orm.connections.pooling    : HHH10001005: Database info:
	Database JDBC URL [Connecting through datasource 'HikariDataSource (HikariPool-1)']
	Database driver: undefined/unknown
	Database version: 15.12
	Autocommit mode: undefined/unknown
	Isolation level: undefined/unknown
	Minimum pool size: undefined/unknown
	Maximum pool size: undefined/unknown
2025-07-27T01:12:29.239+05:30  INFO 23104 --- [lenskart] [restartedMain] o.h.e.t.j.p.i.JtaPlatformInitiator       : HHH000489: No JTA platform available (set 'hibernate.transaction.jta.platform' to enable JTA platform integration)
2025-07-27T01:12:29.810+05:30  INFO 23104 --- [lenskart] [restartedMain] j.LocalContainerEntityManagerFactoryBean : Initialized JPA EntityManagerFactory for persistence unit 'default'
2025-07-27T01:12:30.938+05:30  WARN 23104 --- [lenskart] [restartedMain] JpaBaseConfiguration$JpaWebConfiguration : spring.jpa.open-in-view is enabled by default. Therefore, database queries may be performed during view rendering. Explicitly configure spring.jpa.open-in-view to disable this warning
2025-07-27T01:12:31.795+05:30  INFO 23104 --- [lenskart] [restartedMain] o.s.b.d.a.OptionalLiveReloadServer       : LiveReload server is running on port 35729
2025-07-27T01:12:31.882+05:30  INFO 23104 --- [lenskart] [restartedMain] o.s.b.w.embedded.tomcat.TomcatWebServer  : Tomcat started on port 8080 (http) with context path '/'
2025-07-27T01:12:31.902+05:30  INFO 23104 --- [lenskart] [restartedMain] com.demp.lenskart.LenskartApplication    : Started LenskartApplication in 11.446 seconds (process running for 12.451)
2025-07-27T01:12:39.605+05:30  INFO 23104 --- [lenskart] [File Watcher] rtingClassPathChangeChangedEventListener : Restarting due to 1 class path change (0 additions, 0 deletions, 1 modification)
2025-07-27T01:12:39.617+05:30  INFO 23104 --- [lenskart] [Thread-5] o.s.b.w.e.tomcat.GracefulShutdown        : Commencing graceful shutdown. Waiting for active requests to complete
2025-07-27T01:12:40.174+05:30  INFO 23104 --- [lenskart] [tomcat-shutdown] o.s.b.w.e.tomcat.GracefulShutdown        : Graceful shutdown complete
2025-07-27T01:12:40.179+05:30  INFO 23104 --- [lenskart] [Thread-5] j.LocalContainerEntityManagerFactoryBean : Closing JPA EntityManagerFactory for persistence unit 'default'
2025-07-27T01:12:40.185+05:30  INFO 23104 --- [lenskart] [Thread-5] com.zaxxer.hikari.HikariDataSource       : HikariPool-1 - Shutdown initiated...
2025-07-27T01:12:40.227+05:30  INFO 23104 --- [lenskart] [Thread-5] com.zaxxer.hikari.HikariDataSource       : HikariPool-1 - Shutdown completed.
2025-07-27T01:12:40.374+05:30  INFO 23104 --- [lenskart] [restartedMain] com.demp.lenskart.LenskartApplication    : Starting LenskartApplication using Java 17.0.6 with PID 23104 (C:\Users\prasiraj\Capgemini\Lal, Rohita - lenskart\lenskart\target\classes started by prasiraj in C:\Users\prasiraj\Capgemini\Lal, Rohita - lenskart\lenskart)
2025-07-27T01:12:40.375+05:30  INFO 23104 --- [lenskart] [restartedMain] com.demp.lenskart.LenskartApplication    : No active profile set, falling back to 1 default profile: "default"
2025-07-27T01:12:40.864+05:30  INFO 23104 --- [lenskart] [restartedMain] .s.d.r.c.RepositoryConfigurationDelegate : Bootstrapping Spring Data JPA repositories in DEFAULT mode.
2025-07-27T01:12:40.932+05:30  INFO 23104 --- [lenskart] [restartedMain] .s.d.r.c.RepositoryConfigurationDelegate : Finished Spring Data repository scanning in 66 ms. Found 8 JPA repository interfaces.
2025-07-27T01:12:41.064+05:30  INFO 23104 --- [lenskart] [restartedMain] o.s.b.w.embedded.tomcat.TomcatWebServer  : Tomcat initialized with port 8080 (http)
2025-07-27T01:12:41.065+05:30  INFO 23104 --- [lenskart] [restartedMain] o.apache.catalina.core.StandardService   : Starting service [Tomcat]
2025-07-27T01:12:41.065+05:30  INFO 23104 --- [lenskart] [restartedMain] o.apache.catalina.core.StandardEngine    : Starting Servlet engine: [Apache Tomcat/10.1.42]
2025-07-27T01:12:41.123+05:30  INFO 23104 --- [lenskart] [restartedMain] o.a.c.c.C.[Tomcat].[localhost].[/]       : Initializing Spring embedded WebApplicationContext
2025-07-27T01:12:41.124+05:30  INFO 23104 --- [lenskart] [restartedMain] w.s.c.ServletWebServerApplicationContext : Root WebApplicationContext: initialization completed in 745 ms
2025-07-27T01:12:41.175+05:30  INFO 23104 --- [lenskart] [restartedMain] o.hibernate.jpa.internal.util.LogHelper  : HHH000204: Processing PersistenceUnitInfo [name: default]
2025-07-27T01:12:41.182+05:30  INFO 23104 --- [lenskart] [restartedMain] o.h.c.internal.RegionFactoryInitiator    : HHH000026: Second-level cache disabled
2025-07-27T01:12:41.205+05:30  INFO 23104 --- [lenskart] [restartedMain] o.s.o.j.p.SpringPersistenceUnitInfo      : No LoadTimeWeaver setup: ignoring JPA class transformer
2025-07-27T01:12:41.207+05:30  INFO 23104 --- [lenskart] [restartedMain] com.zaxxer.hikari.HikariDataSource       : HikariPool-2 - Starting...
2025-07-27T01:12:41.436+05:30  INFO 23104 --- [lenskart] [restartedMain] com.zaxxer.hikari.pool.HikariPool        : HikariPool-2 - Added connection org.postgresql.jdbc.PgConnection@44db7525
2025-07-27T01:12:41.438+05:30  INFO 23104 --- [lenskart] [restartedMain] com.zaxxer.hikari.HikariDataSource       : HikariPool-2 - Start completed.
2025-07-27T01:12:41.446+05:30  WARN 23104 --- [lenskart] [restartedMain] org.hibernate.orm.deprecation            : HHH90000025: PostgreSQLDialect does not need to be specified explicitly using 'hibernate.dialect' (remove the property setting and it will be selected by default)
2025-07-27T01:12:41.449+05:30  INFO 23104 --- [lenskart] [restartedMain] org.hibernate.orm.connections.pooling    : HHH10001005: Database info:
	Database JDBC URL [Connecting through datasource 'HikariDataSource (HikariPool-2)']
	Database driver: undefined/unknown
	Database version: 15.12
	Autocommit mode: undefined/unknown
	Isolation level: undefined/unknown
	Minimum pool size: undefined/unknown
	Maximum pool size: undefined/unknown
2025-07-27T01:12:41.620+05:30  INFO 23104 --- [lenskart] [restartedMain] o.h.e.t.j.p.i.JtaPlatformInitiator       : HHH000489: No JTA platform available (set 'hibernate.transaction.jta.platform' to enable JTA platform integration)
2025-07-27T01:12:42.109+05:30  INFO 23104 --- [lenskart] [restartedMain] j.LocalContainerEntityManagerFactoryBean : Initialized JPA EntityManagerFactory for persistence unit 'default'
2025-07-27T01:12:42.321+05:30  WARN 23104 --- [lenskart] [restartedMain] JpaBaseConfiguration$JpaWebConfiguration : spring.jpa.open-in-view is enabled by default. Therefore, database queries may be performed during view rendering. Explicitly configure spring.jpa.open-in-view to disable this warning
2025-07-27T01:12:42.524+05:30  INFO 23104 --- [lenskart] [restartedMain] o.s.b.d.a.OptionalLiveReloadServer       : LiveReload server is running on port 35729
2025-07-27T01:12:42.542+05:30  INFO 23104 --- [lenskart] [restartedMain] o.s.b.w.embedded.tomcat.TomcatWebServer  : Tomcat started on port 8080 (http) with context path '/'
2025-07-27T01:12:42.548+05:30  INFO 23104 --- [lenskart] [restartedMain] com.demp.lenskart.LenskartApplication    : Started LenskartApplication in 2.227 seconds (process running for 23.096)
2025-07-27T01:12:42.553+05:30  INFO 23104 --- [lenskart] [restartedMain] .ConditionEvaluationDeltaLoggingListener : Condition evaluation unchanged
2025-07-27T01:13:15.437+05:30  INFO 23104 --- [lenskart] [File Watcher] rtingClassPathChangeChangedEventListener : Restarting due to 1 class path change (0 additions, 0 deletions, 1 modification)
2025-07-27T01:13:15.440+05:30  INFO 23104 --- [lenskart] [Thread-7] o.s.b.w.e.tomcat.GracefulShutdown        : Commencing graceful shutdown. Waiting for active requests to complete
2025-07-27T01:13:16.004+05:30  INFO 23104 --- [lenskart] [tomcat-shutdown] o.s.b.w.e.tomcat.GracefulShutdown        : Graceful shutdown complete
2025-07-27T01:13:16.006+05:30  INFO 23104 --- [lenskart] [Thread-7] j.LocalContainerEntityManagerFactoryBean : Closing JPA EntityManagerFactory for persistence unit 'default'
2025-07-27T01:13:16.007+05:30  INFO 23104 --- [lenskart] [Thread-7] com.zaxxer.hikari.HikariDataSource       : HikariPool-2 - Shutdown initiated...
2025-07-27T01:13:16.040+05:30  INFO 23104 --- [lenskart] [Thread-7] com.zaxxer.hikari.HikariDataSource       : HikariPool-2 - Shutdown completed.
2025-07-27T01:13:16.167+05:30  INFO 23104 --- [lenskart] [restartedMain] com.demp.lenskart.LenskartApplication    : Starting LenskartApplication using Java 17.0.6 with PID 23104 (C:\Users\prasiraj\Capgemini\Lal, Rohita - lenskart\lenskart\target\classes started by prasiraj in C:\Users\prasiraj\Capgemini\Lal, Rohita - lenskart\lenskart)
2025-07-27T01:13:16.167+05:30  INFO 23104 --- [lenskart] [restartedMain] com.demp.lenskart.LenskartApplication    : No active profile set, falling back to 1 default profile: "default"
2025-07-27T01:13:16.574+05:30  INFO 23104 --- [lenskart] [restartedMain] .s.d.r.c.RepositoryConfigurationDelegate : Bootstrapping Spring Data JPA repositories in DEFAULT mode.
2025-07-27T01:13:16.643+05:30  INFO 23104 --- [lenskart] [restartedMain] .s.d.r.c.RepositoryConfigurationDelegate : Finished Spring Data repository scanning in 66 ms. Found 8 JPA repository interfaces.
2025-07-27T01:13:16.746+05:30  INFO 23104 --- [lenskart] [restartedMain] o.s.b.w.embedded.tomcat.TomcatWebServer  : Tomcat initialized with port 8080 (http)
2025-07-27T01:13:16.749+05:30  INFO 23104 --- [lenskart] [restartedMain] o.apache.catalina.core.StandardService   : Starting service [Tomcat]
2025-07-27T01:13:16.750+05:30  INFO 23104 --- [lenskart] [restartedMain] o.apache.catalina.core.StandardEngine    : Starting Servlet engine: [Apache Tomcat/10.1.42]
2025-07-27T01:13:16.817+05:30  INFO 23104 --- [lenskart] [restartedMain] o.a.c.c.C.[Tomcat].[localhost].[/]       : Initializing Spring embedded WebApplicationContext
2025-07-27T01:13:16.817+05:30  INFO 23104 --- [lenskart] [restartedMain] w.s.c.ServletWebServerApplicationContext : Root WebApplicationContext: initialization completed in 646 ms
2025-07-27T01:13:16.859+05:30  INFO 23104 --- [lenskart] [restartedMain] o.hibernate.jpa.internal.util.LogHelper  : HHH000204: Processing PersistenceUnitInfo [name: default]
2025-07-27T01:13:16.866+05:30  INFO 23104 --- [lenskart] [restartedMain] o.h.c.internal.RegionFactoryInitiator    : HHH000026: Second-level cache disabled
2025-07-27T01:13:16.880+05:30  INFO 23104 --- [lenskart] [restartedMain] o.s.o.j.p.SpringPersistenceUnitInfo      : No LoadTimeWeaver setup: ignoring JPA class transformer
2025-07-27T01:13:16.883+05:30  INFO 23104 --- [lenskart] [restartedMain] com.zaxxer.hikari.HikariDataSource       : HikariPool-3 - Starting...
2025-07-27T01:13:17.076+05:30  INFO 23104 --- [lenskart] [restartedMain] com.zaxxer.hikari.pool.HikariPool        : HikariPool-3 - Added connection org.postgresql.jdbc.PgConnection@36b8afd4
2025-07-27T01:13:17.077+05:30  INFO 23104 --- [lenskart] [restartedMain] com.zaxxer.hikari.HikariDataSource       : HikariPool-3 - Start completed.
2025-07-27T01:13:17.088+05:30  WARN 23104 --- [lenskart] [restartedMain] org.hibernate.orm.deprecation            : HHH90000025: PostgreSQLDialect does not need to be specified explicitly using 'hibernate.dialect' (remove the property setting and it will be selected by default)
2025-07-27T01:13:17.089+05:30  INFO 23104 --- [lenskart] [restartedMain] org.hibernate.orm.connections.pooling    : HHH10001005: Database info:
	Database JDBC URL [Connecting through datasource 'HikariDataSource (HikariPool-3)']
	Database driver: undefined/unknown
	Database version: 15.12
	Autocommit mode: undefined/unknown
	Isolation level: undefined/unknown
	Minimum pool size: undefined/unknown
	Maximum pool size: undefined/unknown
2025-07-27T01:13:17.233+05:30  INFO 23104 --- [lenskart] [restartedMain] o.h.e.t.j.p.i.JtaPlatformInitiator       : HHH000489: No JTA platform available (set 'hibernate.transaction.jta.platform' to enable JTA platform integration)
2025-07-27T01:13:17.690+05:30  INFO 23104 --- [lenskart] [restartedMain] j.LocalContainerEntityManagerFactoryBean : Initialized JPA EntityManagerFactory for persistence unit 'default'
2025-07-27T01:13:17.890+05:30  WARN 23104 --- [lenskart] [restartedMain] JpaBaseConfiguration$JpaWebConfiguration : spring.jpa.open-in-view is enabled by default. Therefore, database queries may be performed during view rendering. Explicitly configure spring.jpa.open-in-view to disable this warning
2025-07-27T01:13:18.035+05:30  INFO 23104 --- [lenskart] [restartedMain] o.s.b.d.a.OptionalLiveReloadServer       : LiveReload server is running on port 35729
2025-07-27T01:13:18.068+05:30  INFO 23104 --- [lenskart] [restartedMain] o.s.b.w.embedded.tomcat.TomcatWebServer  : Tomcat started on port 8080 (http) with context path '/'
2025-07-27T01:13:18.073+05:30  INFO 23104 --- [lenskart] [restartedMain] com.demp.lenskart.LenskartApplication    : Started LenskartApplication in 1.947 seconds (process running for 58.622)
2025-07-27T01:13:18.076+05:30  INFO 23104 --- [lenskart] [restartedMain] .ConditionEvaluationDeltaLoggingListener : Condition evaluation unchanged
