2026-05-16T21:50:41.402+05:30  INFO 45353 --- [lenskart] [restartedMain] com.demo.lenskart.LenskartApplication    : Starting LenskartApplication using Java 17.0.18 with PID 45353 (/home/blade/IdeaProjects/lenskart/target/classes started by blade in /home/blade/IdeaProjects/lenskart)
2026-05-16T21:50:41.410+05:30  INFO 45353 --- [lenskart] [restartedMain] com.demo.lenskart.LenskartApplication    : No active profile set, falling back to 1 default profile: "default"
2026-05-16T21:50:41.504+05:30  INFO 45353 --- [lenskart] [restartedMain] .e.DevToolsPropertyDefaultsPostProcessor : Devtools property defaults active! Set 'spring.devtools.add-properties' to 'false' to disable
2026-05-16T21:50:41.505+05:30  INFO 45353 --- [lenskart] [restartedMain] .e.DevToolsPropertyDefaultsPostProcessor : For additional web related logging consider setting the 'logging.level.web' property to 'DEBUG'
2026-05-16T21:50:42.902+05:30  INFO 45353 --- [lenskart] [restartedMain] .s.d.r.c.RepositoryConfigurationDelegate : Bootstrapping Spring Data JPA repositories in DEFAULT mode.
2026-05-16T21:50:43.003+05:30  INFO 45353 --- [lenskart] [restartedMain] .s.d.r.c.RepositoryConfigurationDelegate : Finished Spring Data repository scanning in 85 ms. Found 5 JPA repository interfaces.
2026-05-16T21:50:43.884+05:30  INFO 45353 --- [lenskart] [restartedMain] o.s.b.w.embedded.tomcat.TomcatWebServer  : Tomcat initialized with port 8080 (http)
2026-05-16T21:50:43.913+05:30  INFO 45353 --- [lenskart] [restartedMain] o.apache.catalina.core.StandardService   : Starting service [Tomcat]
2026-05-16T21:50:43.914+05:30  INFO 45353 --- [lenskart] [restartedMain] o.apache.catalina.core.StandardEngine    : Starting Servlet engine: [Apache Tomcat/10.1.42]
2026-05-16T21:50:43.972+05:30  INFO 45353 --- [lenskart] [restartedMain] o.a.c.c.C.[Tomcat].[localhost].[/]       : Initializing Spring embedded WebApplicationContext
2026-05-16T21:50:43.972+05:30  INFO 45353 --- [lenskart] [restartedMain] w.s.c.ServletWebServerApplicationContext : Root WebApplicationContext: initialization completed in 2467 ms
2026-05-16T21:50:44.214+05:30  INFO 45353 --- [lenskart] [restartedMain] o.hibernate.jpa.internal.util.LogHelper  : HHH000204: Processing PersistenceUnitInfo [name: default]
2026-05-16T21:50:44.302+05:30  INFO 45353 --- [lenskart] [restartedMain] org.hibernate.Version                    : HHH000412: Hibernate ORM core version 6.6.18.Final
2026-05-16T21:50:44.357+05:30  INFO 45353 --- [lenskart] [restartedMain] o.h.c.internal.RegionFactoryInitiator    : HHH000026: Second-level cache disabled
2026-05-16T21:50:44.748+05:30  INFO 45353 --- [lenskart] [restartedMain] o.s.o.j.p.SpringPersistenceUnitInfo      : No LoadTimeWeaver setup: ignoring JPA class transformer
2026-05-16T21:50:44.791+05:30  INFO 45353 --- [lenskart] [restartedMain] com.zaxxer.hikari.HikariDataSource       : HikariPool-1 - Starting...
2026-05-16T21:50:45.274+05:30  INFO 45353 --- [lenskart] [restartedMain] com.zaxxer.hikari.pool.HikariPool        : HikariPool-1 - Added connection org.postgresql.jdbc.PgConnection@f20ae0e
2026-05-16T21:50:45.279+05:30  INFO 45353 --- [lenskart] [restartedMain] com.zaxxer.hikari.HikariDataSource       : HikariPool-1 - Start completed.
2026-05-16T21:50:45.350+05:30  WARN 45353 --- [lenskart] [restartedMain] org.hibernate.orm.deprecation            : HHH90000025: PostgreSQLDialect does not need to be specified explicitly using 'hibernate.dialect' (remove the property setting and it will be selected by default)
2026-05-16T21:50:45.386+05:30  INFO 45353 --- [lenskart] [restartedMain] org.hibernate.orm.connections.pooling    : HHH10001005: Database info:
	Database JDBC URL [Connecting through datasource 'HikariDataSource (HikariPool-1)']
	Database driver: undefined/unknown
	Database version: 18.4
	Autocommit mode: undefined/unknown
	Isolation level: undefined/unknown
	Minimum pool size: undefined/unknown
	Maximum pool size: undefined/unknown
2026-05-16T21:50:46.852+05:30  INFO 45353 --- [lenskart] [restartedMain] o.h.e.t.j.p.i.JtaPlatformInitiator       : HHH000489: No JTA platform available (set 'hibernate.transaction.jta.platform' to enable JTA platform integration)
2026-05-16T21:50:47.072+05:30  INFO 45353 --- [lenskart] [restartedMain] j.LocalContainerEntityManagerFactoryBean : Initialized JPA EntityManagerFactory for persistence unit 'default'
2026-05-16T21:50:47.859+05:30  WARN 45353 --- [lenskart] [restartedMain] JpaBaseConfiguration$JpaWebConfiguration : spring.jpa.open-in-view is enabled by default. Therefore, database queries may be performed during view rendering. Explicitly configure spring.jpa.open-in-view to disable this warning
2026-05-16T21:50:48.211+05:30  WARN 45353 --- [lenskart] [restartedMain] .s.s.UserDetailsServiceAutoConfiguration : 

Using generated security password: 83796a8c-77a4-4bd9-8951-55b8fdd8d15b

This generated password is for development use only. Your security configuration must be updated before running your application in production.

2026-05-16T21:50:48.221+05:30  INFO 45353 --- [lenskart] [restartedMain] r$InitializeUserDetailsManagerConfigurer : Global AuthenticationManager configured with UserDetailsService bean with name inMemoryUserDetailsManager
2026-05-16T21:50:48.719+05:30  INFO 45353 --- [lenskart] [restartedMain] o.s.b.d.a.OptionalLiveReloadServer       : LiveReload server is running on port 35729
2026-05-16T21:50:48.782+05:30  INFO 45353 --- [lenskart] [restartedMain] o.s.b.w.embedded.tomcat.TomcatWebServer  : Tomcat started on port 8080 (http) with context path '/'
2026-05-16T21:50:48.798+05:30  INFO 45353 --- [lenskart] [restartedMain] com.demo.lenskart.LenskartApplication    : Started LenskartApplication in 8.367 seconds (process running for 8.932)
2026-05-16T21:51:31.356+05:30  INFO 45353 --- [lenskart] [http-nio-8080-exec-1] o.a.c.c.C.[Tomcat].[localhost].[/]       : Initializing Spring DispatcherServlet 'dispatcherServlet'
2026-05-16T21:51:31.357+05:30  INFO 45353 --- [lenskart] [http-nio-8080-exec-1] o.s.web.servlet.DispatcherServlet        : Initializing Servlet 'dispatcherServlet'
2026-05-16T21:51:31.364+05:30  INFO 45353 --- [lenskart] [http-nio-8080-exec-1] o.s.web.servlet.DispatcherServlet        : Completed initialization in 6 ms
2026-05-16T23:15:46.761+05:30  INFO 45353 --- [lenskart] [SpringApplicationShutdownHook] o.s.b.w.e.tomcat.GracefulShutdown        : Commencing graceful shutdown. Waiting for active requests to complete
2026-05-16T23:15:46.768+05:30  INFO 45353 --- [lenskart] [tomcat-shutdown] o.s.b.w.e.tomcat.GracefulShutdown        : Graceful shutdown complete
2026-05-16T23:15:46.781+05:30  INFO 45353 --- [lenskart] [SpringApplicationShutdownHook] j.LocalContainerEntityManagerFactoryBean : Closing JPA EntityManagerFactory for persistence unit 'default'
2026-05-16T23:15:46.789+05:30  INFO 45353 --- [lenskart] [SpringApplicationShutdownHook] com.zaxxer.hikari.HikariDataSource       : HikariPool-1 - Shutdown initiated...
2026-05-16T23:15:46.798+05:30  INFO 45353 --- [lenskart] [SpringApplicationShutdownHook] com.zaxxer.hikari.HikariDataSource       : HikariPool-1 - Shutdown completed.
2026-05-16T23:16:04.129+05:30  INFO 69615 --- [lenskart] [restartedMain] com.demo.lenskart.LenskartApplication    : Starting LenskartApplication using Java 17.0.18 with PID 69615 (/home/blade/IdeaProjects/lenskart/target/classes started by blade in /home/blade/IdeaProjects/lenskart)
2026-05-16T23:16:04.131+05:30  INFO 69615 --- [lenskart] [restartedMain] com.demo.lenskart.LenskartApplication    : No active profile set, falling back to 1 default profile: "default"
2026-05-16T23:16:04.184+05:30  INFO 69615 --- [lenskart] [restartedMain] .e.DevToolsPropertyDefaultsPostProcessor : Devtools property defaults active! Set 'spring.devtools.add-properties' to 'false' to disable
2026-05-16T23:16:04.184+05:30  INFO 69615 --- [lenskart] [restartedMain] .e.DevToolsPropertyDefaultsPostProcessor : For additional web related logging consider setting the 'logging.level.web' property to 'DEBUG'
2026-05-16T23:16:04.858+05:30  INFO 69615 --- [lenskart] [restartedMain] .s.d.r.c.RepositoryConfigurationDelegate : Bootstrapping Spring Data JPA repositories in DEFAULT mode.
2026-05-16T23:16:04.923+05:30  INFO 69615 --- [lenskart] [restartedMain] .s.d.r.c.RepositoryConfigurationDelegate : Finished Spring Data repository scanning in 57 ms. Found 5 JPA repository interfaces.
2026-05-16T23:16:05.397+05:30  INFO 69615 --- [lenskart] [restartedMain] o.s.b.w.embedded.tomcat.TomcatWebServer  : Tomcat initialized with port 8080 (http)
2026-05-16T23:16:05.414+05:30  INFO 69615 --- [lenskart] [restartedMain] o.apache.catalina.core.StandardService   : Starting service [Tomcat]
2026-05-16T23:16:05.415+05:30  INFO 69615 --- [lenskart] [restartedMain] o.apache.catalina.core.StandardEngine    : Starting Servlet engine: [Apache Tomcat/10.1.42]
2026-05-16T23:16:05.461+05:30  INFO 69615 --- [lenskart] [restartedMain] o.a.c.c.C.[Tomcat].[localhost].[/]       : Initializing Spring embedded WebApplicationContext
2026-05-16T23:16:05.462+05:30  INFO 69615 --- [lenskart] [restartedMain] w.s.c.ServletWebServerApplicationContext : Root WebApplicationContext: initialization completed in 1277 ms
2026-05-16T23:16:05.605+05:30  INFO 69615 --- [lenskart] [restartedMain] o.hibernate.jpa.internal.util.LogHelper  : HHH000204: Processing PersistenceUnitInfo [name: default]
2026-05-16T23:16:05.656+05:30  INFO 69615 --- [lenskart] [restartedMain] org.hibernate.Version                    : HHH000412: Hibernate ORM core version 6.6.18.Final
2026-05-16T23:16:05.692+05:30  INFO 69615 --- [lenskart] [restartedMain] o.h.c.internal.RegionFactoryInitiator    : HHH000026: Second-level cache disabled
2026-05-16T23:16:05.911+05:30  INFO 69615 --- [lenskart] [restartedMain] o.s.o.j.p.SpringPersistenceUnitInfo      : No LoadTimeWeaver setup: ignoring JPA class transformer
2026-05-16T23:16:05.940+05:30  INFO 69615 --- [lenskart] [restartedMain] com.zaxxer.hikari.HikariDataSource       : HikariPool-1 - Starting...
2026-05-16T23:16:06.293+05:30  INFO 69615 --- [lenskart] [restartedMain] com.zaxxer.hikari.pool.HikariPool        : HikariPool-1 - Added connection org.postgresql.jdbc.PgConnection@4ddc9974
2026-05-16T23:16:06.294+05:30  INFO 69615 --- [lenskart] [restartedMain] com.zaxxer.hikari.HikariDataSource       : HikariPool-1 - Start completed.
2026-05-16T23:16:06.344+05:30  WARN 69615 --- [lenskart] [restartedMain] org.hibernate.orm.deprecation            : HHH90000025: PostgreSQLDialect does not need to be specified explicitly using 'hibernate.dialect' (remove the property setting and it will be selected by default)
2026-05-16T23:16:06.393+05:30  INFO 69615 --- [lenskart] [restartedMain] org.hibernate.orm.connections.pooling    : HHH10001005: Database info:
	Database JDBC URL [Connecting through datasource 'HikariDataSource (HikariPool-1)']
	Database driver: undefined/unknown
	Database version: 18.4
	Autocommit mode: undefined/unknown
	Isolation level: undefined/unknown
	Minimum pool size: undefined/unknown
	Maximum pool size: undefined/unknown
2026-05-16T23:16:07.286+05:30  INFO 69615 --- [lenskart] [restartedMain] o.h.e.t.j.p.i.JtaPlatformInitiator       : HHH000489: No JTA platform available (set 'hibernate.transaction.jta.platform' to enable JTA platform integration)
2026-05-16T23:16:07.411+05:30  INFO 69615 --- [lenskart] [restartedMain] j.LocalContainerEntityManagerFactoryBean : Initialized JPA EntityManagerFactory for persistence unit 'default'
2026-05-16T23:16:07.819+05:30  WARN 69615 --- [lenskart] [restartedMain] JpaBaseConfiguration$JpaWebConfiguration : spring.jpa.open-in-view is enabled by default. Therefore, database queries may be performed during view rendering. Explicitly configure spring.jpa.open-in-view to disable this warning
2026-05-16T23:16:07.992+05:30  WARN 69615 --- [lenskart] [restartedMain] .s.s.UserDetailsServiceAutoConfiguration : 

Using generated security password: 656fe339-a0e4-4037-89bf-e626bca4e469

This generated password is for development use only. Your security configuration must be updated before running your application in production.

2026-05-16T23:16:07.998+05:30  INFO 69615 --- [lenskart] [restartedMain] r$InitializeUserDetailsManagerConfigurer : Global AuthenticationManager configured with UserDetailsService bean with name inMemoryUserDetailsManager
2026-05-16T23:16:08.272+05:30  INFO 69615 --- [lenskart] [restartedMain] o.s.b.d.a.OptionalLiveReloadServer       : LiveReload server is running on port 35729
2026-05-16T23:16:08.307+05:30  INFO 69615 --- [lenskart] [restartedMain] o.s.b.w.embedded.tomcat.TomcatWebServer  : Tomcat started on port 8080 (http) with context path '/'
2026-05-16T23:16:08.321+05:30  INFO 69615 --- [lenskart] [restartedMain] com.demo.lenskart.LenskartApplication    : Started LenskartApplication in 4.549 seconds (process running for 4.891)
2026-05-16T23:16:12.402+05:30  INFO 69615 --- [lenskart] [http-nio-8080-exec-1] o.a.c.c.C.[Tomcat].[localhost].[/]       : Initializing Spring DispatcherServlet 'dispatcherServlet'
2026-05-16T23:16:12.402+05:30  INFO 69615 --- [lenskart] [http-nio-8080-exec-1] o.s.web.servlet.DispatcherServlet        : Initializing Servlet 'dispatcherServlet'
2026-05-16T23:16:12.403+05:30  INFO 69615 --- [lenskart] [http-nio-8080-exec-1] o.s.web.servlet.DispatcherServlet        : Completed initialization in 1 ms
2026-05-16T23:16:55.877+05:30  INFO 69615 --- [lenskart] [SpringApplicationShutdownHook] o.s.b.w.e.tomcat.GracefulShutdown        : Commencing graceful shutdown. Waiting for active requests to complete
2026-05-16T23:16:55.878+05:30  INFO 69615 --- [lenskart] [tomcat-shutdown] o.s.b.w.e.tomcat.GracefulShutdown        : Graceful shutdown complete
2026-05-16T23:16:55.882+05:30  INFO 69615 --- [lenskart] [SpringApplicationShutdownHook] j.LocalContainerEntityManagerFactoryBean : Closing JPA EntityManagerFactory for persistence unit 'default'
2026-05-16T23:16:55.884+05:30  INFO 69615 --- [lenskart] [SpringApplicationShutdownHook] com.zaxxer.hikari.HikariDataSource       : HikariPool-1 - Shutdown initiated...
2026-05-16T23:16:55.928+05:30  INFO 69615 --- [lenskart] [SpringApplicationShutdownHook] com.zaxxer.hikari.HikariDataSource       : HikariPool-1 - Shutdown completed.
2026-05-16T23:18:40.968+05:30  INFO 71003 --- [lenskart] [restartedMain] com.demo.lenskart.LenskartApplication    : Starting LenskartApplication using Java 17.0.18 with PID 71003 (/home/blade/IdeaProjects/lenskart/target/classes started by blade in /home/blade/IdeaProjects/lenskart)
2026-05-16T23:18:40.970+05:30  INFO 71003 --- [lenskart] [restartedMain] com.demo.lenskart.LenskartApplication    : No active profile set, falling back to 1 default profile: "default"
2026-05-16T23:18:41.022+05:30  INFO 71003 --- [lenskart] [restartedMain] .e.DevToolsPropertyDefaultsPostProcessor : Devtools property defaults active! Set 'spring.devtools.add-properties' to 'false' to disable
2026-05-16T23:18:41.022+05:30  INFO 71003 --- [lenskart] [restartedMain] .e.DevToolsPropertyDefaultsPostProcessor : For additional web related logging consider setting the 'logging.level.web' property to 'DEBUG'
2026-05-16T23:18:41.717+05:30  INFO 71003 --- [lenskart] [restartedMain] .s.d.r.c.RepositoryConfigurationDelegate : Bootstrapping Spring Data JPA repositories in DEFAULT mode.
2026-05-16T23:18:41.789+05:30  INFO 71003 --- [lenskart] [restartedMain] .s.d.r.c.RepositoryConfigurationDelegate : Finished Spring Data repository scanning in 65 ms. Found 5 JPA repository interfaces.
2026-05-16T23:18:42.187+05:30  INFO 71003 --- [lenskart] [restartedMain] o.s.b.w.embedded.tomcat.TomcatWebServer  : Tomcat initialized with port 8080 (http)
2026-05-16T23:18:42.201+05:30  INFO 71003 --- [lenskart] [restartedMain] o.apache.catalina.core.StandardService   : Starting service [Tomcat]
2026-05-16T23:18:42.202+05:30  INFO 71003 --- [lenskart] [restartedMain] o.apache.catalina.core.StandardEngine    : Starting Servlet engine: [Apache Tomcat/10.1.42]
2026-05-16T23:18:42.247+05:30  INFO 71003 --- [lenskart] [restartedMain] o.a.c.c.C.[Tomcat].[localhost].[/]       : Initializing Spring embedded WebApplicationContext
2026-05-16T23:18:42.248+05:30  INFO 71003 --- [lenskart] [restartedMain] w.s.c.ServletWebServerApplicationContext : Root WebApplicationContext: initialization completed in 1225 ms
2026-05-16T23:18:42.374+05:30  INFO 71003 --- [lenskart] [restartedMain] o.hibernate.jpa.internal.util.LogHelper  : HHH000204: Processing PersistenceUnitInfo [name: default]
2026-05-16T23:18:42.414+05:30  INFO 71003 --- [lenskart] [restartedMain] org.hibernate.Version                    : HHH000412: Hibernate ORM core version 6.6.18.Final
2026-05-16T23:18:42.453+05:30  INFO 71003 --- [lenskart] [restartedMain] o.h.c.internal.RegionFactoryInitiator    : HHH000026: Second-level cache disabled
2026-05-16T23:18:42.637+05:30  INFO 71003 --- [lenskart] [restartedMain] o.s.o.j.p.SpringPersistenceUnitInfo      : No LoadTimeWeaver setup: ignoring JPA class transformer
2026-05-16T23:18:42.665+05:30  INFO 71003 --- [lenskart] [restartedMain] com.zaxxer.hikari.HikariDataSource       : HikariPool-1 - Starting...
2026-05-16T23:18:42.860+05:30  INFO 71003 --- [lenskart] [restartedMain] com.zaxxer.hikari.pool.HikariPool        : HikariPool-1 - Added connection org.postgresql.jdbc.PgConnection@57ab0f7b
2026-05-16T23:18:42.861+05:30  INFO 71003 --- [lenskart] [restartedMain] com.zaxxer.hikari.HikariDataSource       : HikariPool-1 - Start completed.
2026-05-16T23:18:42.894+05:30  WARN 71003 --- [lenskart] [restartedMain] org.hibernate.orm.deprecation            : HHH90000025: PostgreSQLDialect does not need to be specified explicitly using 'hibernate.dialect' (remove the property setting and it will be selected by default)
2026-05-16T23:18:42.918+05:30  INFO 71003 --- [lenskart] [restartedMain] org.hibernate.orm.connections.pooling    : HHH10001005: Database info:
	Database JDBC URL [Connecting through datasource 'HikariDataSource (HikariPool-1)']
	Database driver: undefined/unknown
	Database version: 18.4
	Autocommit mode: undefined/unknown
	Isolation level: undefined/unknown
	Minimum pool size: undefined/unknown
	Maximum pool size: undefined/unknown
2026-05-16T23:18:43.599+05:30  INFO 71003 --- [lenskart] [restartedMain] o.h.e.t.j.p.i.JtaPlatformInitiator       : HHH000489: No JTA platform available (set 'hibernate.transaction.jta.platform' to enable JTA platform integration)
2026-05-16T23:18:43.703+05:30  INFO 71003 --- [lenskart] [restartedMain] j.LocalContainerEntityManagerFactoryBean : Initialized JPA EntityManagerFactory for persistence unit 'default'
2026-05-16T23:18:44.073+05:30  WARN 71003 --- [lenskart] [restartedMain] JpaBaseConfiguration$JpaWebConfiguration : spring.jpa.open-in-view is enabled by default. Therefore, database queries may be performed during view rendering. Explicitly configure spring.jpa.open-in-view to disable this warning
2026-05-16T23:18:44.236+05:30  WARN 71003 --- [lenskart] [restartedMain] .s.s.UserDetailsServiceAutoConfiguration : 

Using generated security password: 9b2c23a1-00f3-4afa-880e-c41ee825e499

This generated password is for development use only. Your security configuration must be updated before running your application in production.

2026-05-16T23:18:44.241+05:30  INFO 71003 --- [lenskart] [restartedMain] r$InitializeUserDetailsManagerConfigurer : Global AuthenticationManager configured with UserDetailsService bean with name inMemoryUserDetailsManager
2026-05-16T23:18:44.483+05:30  INFO 71003 --- [lenskart] [restartedMain] o.s.b.d.a.OptionalLiveReloadServer       : LiveReload server is running on port 35729
2026-05-16T23:18:44.516+05:30  INFO 71003 --- [lenskart] [restartedMain] o.s.b.w.embedded.tomcat.TomcatWebServer  : Tomcat started on port 8080 (http) with context path '/'
2026-05-16T23:18:44.528+05:30  INFO 71003 --- [lenskart] [restartedMain] com.demo.lenskart.LenskartApplication    : Started LenskartApplication in 3.894 seconds (process running for 4.157)
2026-05-16T23:18:51.401+05:30  INFO 71003 --- [lenskart] [http-nio-8080-exec-1] o.a.c.c.C.[Tomcat].[localhost].[/]       : Initializing Spring DispatcherServlet 'dispatcherServlet'
2026-05-16T23:18:51.401+05:30  INFO 71003 --- [lenskart] [http-nio-8080-exec-1] o.s.web.servlet.DispatcherServlet        : Initializing Servlet 'dispatcherServlet'
2026-05-16T23:18:51.403+05:30  INFO 71003 --- [lenskart] [http-nio-8080-exec-1] o.s.web.servlet.DispatcherServlet        : Completed initialization in 2 ms
2026-05-16T23:18:59.509+05:30  INFO 71003 --- [lenskart] [SpringApplicationShutdownHook] o.s.b.w.e.tomcat.GracefulShutdown        : Commencing graceful shutdown. Waiting for active requests to complete
2026-05-16T23:18:59.511+05:30  INFO 71003 --- [lenskart] [tomcat-shutdown] o.s.b.w.e.tomcat.GracefulShutdown        : Graceful shutdown complete
2026-05-16T23:18:59.517+05:30  INFO 71003 --- [lenskart] [SpringApplicationShutdownHook] j.LocalContainerEntityManagerFactoryBean : Closing JPA EntityManagerFactory for persistence unit 'default'
2026-05-16T23:18:59.520+05:30  INFO 71003 --- [lenskart] [SpringApplicationShutdownHook] com.zaxxer.hikari.HikariDataSource       : HikariPool-1 - Shutdown initiated...
2026-05-16T23:18:59.533+05:30  INFO 71003 --- [lenskart] [SpringApplicationShutdownHook] com.zaxxer.hikari.HikariDataSource       : HikariPool-1 - Shutdown completed.
2026-05-16T23:21:24.078+05:30  INFO 72442 --- [lenskart] [main] c.d.lenskart.LenskartApplicationTests    : Starting LenskartApplicationTests using Java 17.0.18 with PID 72442 (started by blade in /home/blade/IdeaProjects/lenskart)
2026-05-16T23:21:24.080+05:30  INFO 72442 --- [lenskart] [main] c.d.lenskart.LenskartApplicationTests    : No active profile set, falling back to 1 default profile: "default"
2026-05-16T23:21:24.857+05:30  INFO 72442 --- [lenskart] [main] .s.d.r.c.RepositoryConfigurationDelegate : Bootstrapping Spring Data JPA repositories in DEFAULT mode.
2026-05-16T23:21:24.958+05:30  INFO 72442 --- [lenskart] [main] .s.d.r.c.RepositoryConfigurationDelegate : Finished Spring Data repository scanning in 88 ms. Found 5 JPA repository interfaces.
2026-05-16T23:21:25.424+05:30  INFO 72442 --- [lenskart] [main] o.hibernate.jpa.internal.util.LogHelper  : HHH000204: Processing PersistenceUnitInfo [name: default]
2026-05-16T23:21:25.479+05:30  INFO 72442 --- [lenskart] [main] org.hibernate.Version                    : HHH000412: Hibernate ORM core version 6.6.18.Final
2026-05-16T23:21:25.504+05:30  INFO 72442 --- [lenskart] [main] o.h.c.internal.RegionFactoryInitiator    : HHH000026: Second-level cache disabled
2026-05-16T23:21:25.745+05:30  INFO 72442 --- [lenskart] [main] o.s.o.j.p.SpringPersistenceUnitInfo      : No LoadTimeWeaver setup: ignoring JPA class transformer
2026-05-16T23:21:25.768+05:30  INFO 72442 --- [lenskart] [main] com.zaxxer.hikari.HikariDataSource       : HikariPool-1 - Starting...
2026-05-16T23:21:26.080+05:30  INFO 72442 --- [lenskart] [main] com.zaxxer.hikari.pool.HikariPool        : HikariPool-1 - Added connection org.postgresql.jdbc.PgConnection@e8c84eb
2026-05-16T23:21:26.081+05:30  INFO 72442 --- [lenskart] [main] com.zaxxer.hikari.HikariDataSource       : HikariPool-1 - Start completed.
2026-05-16T23:21:26.109+05:30  WARN 72442 --- [lenskart] [main] org.hibernate.orm.deprecation            : HHH90000025: PostgreSQLDialect does not need to be specified explicitly using 'hibernate.dialect' (remove the property setting and it will be selected by default)
2026-05-16T23:21:26.140+05:30  INFO 72442 --- [lenskart] [main] org.hibernate.orm.connections.pooling    : HHH10001005: Database info:
	Database JDBC URL [Connecting through datasource 'HikariDataSource (HikariPool-1)']
	Database driver: undefined/unknown
	Database version: 18.4
	Autocommit mode: undefined/unknown
	Isolation level: undefined/unknown
	Minimum pool size: undefined/unknown
	Maximum pool size: undefined/unknown
2026-05-16T23:21:27.026+05:30  INFO 72442 --- [lenskart] [main] o.h.e.t.j.p.i.JtaPlatformInitiator       : HHH000489: No JTA platform available (set 'hibernate.transaction.jta.platform' to enable JTA platform integration)
2026-05-16T23:21:27.159+05:30  INFO 72442 --- [lenskart] [main] j.LocalContainerEntityManagerFactoryBean : Initialized JPA EntityManagerFactory for persistence unit 'default'
2026-05-16T23:21:27.666+05:30  WARN 72442 --- [lenskart] [main] JpaBaseConfiguration$JpaWebConfiguration : spring.jpa.open-in-view is enabled by default. Therefore, database queries may be performed during view rendering. Explicitly configure spring.jpa.open-in-view to disable this warning
2026-05-16T23:21:27.953+05:30  WARN 72442 --- [lenskart] [main] .s.s.UserDetailsServiceAutoConfiguration : 

Using generated security password: 04f5bd85-1762-4bb4-b463-778f55f80684

This generated password is for development use only. Your security configuration must be updated before running your application in production.

2026-05-16T23:21:27.960+05:30  INFO 72442 --- [lenskart] [main] r$InitializeUserDetailsManagerConfigurer : Global AuthenticationManager configured with UserDetailsService bean with name inMemoryUserDetailsManager
2026-05-16T23:21:28.396+05:30  INFO 72442 --- [lenskart] [main] c.d.lenskart.LenskartApplicationTests    : Started LenskartApplicationTests in 4.675 seconds (process running for 5.543)
2026-05-16T23:21:29.197+05:30  INFO 72442 --- [lenskart] [main] c.d.l.s.CustomerServiceImpl              : Entering updateCustomer with email: abc@gmail.com
2026-05-16T23:21:29.220+05:30  INFO 72442 --- [lenskart] [main] c.d.l.s.CustomerServiceImpl              : Entering getByEmail method with email: abc@gmail.com
2026-05-16T23:21:29.224+05:30  INFO 72442 --- [lenskart] [main] c.d.l.s.CustomerServiceImpl              : Transforming User entity to UserDTO for email: abc@gmail.com
2026-05-16T23:21:29.254+05:30  INFO 72442 --- [lenskart] [main] c.d.l.s.CustomerServiceImpl              : Entering registerCustomer with customerDTO: com.demo.lenskart.dto.UserDTO@59c530b5
2026-05-16T23:21:29.276+05:30  INFO 72442 --- [lenskart] [main] c.d.l.s.CustomerServiceImpl              : Entering deleteCustomer with userId: 1
2026-05-16T23:21:29.280+05:30  WARN 72442 --- [lenskart] [main] c.d.l.s.CustomerServiceImpl              : Customer with ID 1 not found
2026-05-16T23:21:29.297+05:30  INFO 72442 --- [lenskart] [main] c.d.l.s.CustomerServiceImpl              : Entering updateCustomer with email: abc@gmail.com
2026-05-16T23:21:29.318+05:30  INFO 72442 --- [lenskart] [main] c.d.l.s.CustomerServiceImpl              : Entering updateCustomerName with email: abc@gmail.com
2026-05-16T23:21:29.337+05:30  INFO 72442 --- [lenskart] [main] c.d.l.s.CustomerServiceImpl              : Entering deleteCustomer with userId: 1
2026-05-16T23:21:29.341+05:30  WARN 72442 --- [lenskart] [main] c.d.l.s.CustomerServiceImpl              : User with ID: 0 and email: abc@gmail.com is not a customer. Role found: Admin
2026-05-16T23:21:29.350+05:30  INFO 72442 --- [lenskart] [main] c.d.l.s.CustomerServiceImpl              : Entering registerCustomer with customerDTO: com.demo.lenskart.dto.UserDTO@794eb6e7
2026-05-16T23:21:29.353+05:30  WARN 72442 --- [lenskart] [main] c.d.l.s.CustomerServiceImpl              : Attempt to register another customer when one already exists. Existing customer ID: 0
2026-05-16T23:21:29.364+05:30  INFO 72442 --- [lenskart] [main] c.d.l.s.CustomerServiceImpl              : Entering updateCustomer with email: abc@gmail.com
2026-05-16T23:21:29.381+05:30  INFO 72442 --- [lenskart] [main] c.d.l.s.CustomerServiceImpl              : Entering updateCustomerName with email: abc@gmail.com
2026-05-16T23:21:29.397+05:30  INFO 72442 --- [lenskart] [main] c.d.l.s.CustomerServiceImpl              : Entering updateCustomer with email: abc@gmail.com
2026-05-16T23:21:29.399+05:30  WARN 72442 --- [lenskart] [main] c.d.l.s.CustomerServiceImpl              : Customer not found with email: abc@gmail.com
2026-05-16T23:21:29.413+05:30  INFO 72442 --- [lenskart] [main] c.d.l.s.CustomerServiceImpl              : Entering updateCustomerName with email: abc@gmail.com
2026-05-16T23:21:29.414+05:30  WARN 72442 --- [lenskart] [main] c.d.l.s.CustomerServiceImpl              : No customer found with email: abc@gmail.com
2026-05-16T23:21:29.427+05:30  INFO 72442 --- [lenskart] [main] c.d.l.s.CustomerServiceImpl              : Entering updateCustomerName with email: abc@gmail.com
2026-05-16T23:21:29.442+05:30  INFO 72442 --- [lenskart] [main] c.d.l.s.CustomerServiceImpl              : Entering getByEmail method with email: abc@gmail.com
2026-05-16T23:21:29.444+05:30  WARN 72442 --- [lenskart] [main] c.d.l.s.CustomerServiceImpl              : User with email abc@gmail.com is not a customer. Role found: ADMIN
2026-05-16T23:21:29.453+05:30  INFO 72442 --- [lenskart] [main] c.d.l.s.CustomerServiceImpl              : Entering deleteCustomer with userId: 1
2026-05-16T23:21:29.454+05:30  INFO 72442 --- [lenskart] [main] c.d.l.s.CustomerServiceImpl              : Deleting customer with ID: 1
2026-05-16T23:21:29.469+05:30  INFO 72442 --- [lenskart] [main] c.d.l.s.CustomerServiceImpl              : Entering getByEmail method with email: abc@gmail.com
2026-05-16T23:21:29.472+05:30  WARN 72442 --- [lenskart] [main] c.d.l.s.CustomerServiceImpl              : Customer not found with email: abc@gmail.com
2026-05-16T23:21:29.499+05:30  INFO 72442 --- [lenskart] [main] c.d.l.serviceimplement.AdminServiceImpl  : Entering updateAdmin method with email: abc@gmail.com
2026-05-16T23:21:29.515+05:30  INFO 72442 --- [lenskart] [main] c.d.l.serviceimplement.AdminServiceImpl  : Entering getAdminByEmail with email: abc@gmail.com
2026-05-16T23:21:29.516+05:30  INFO 72442 --- [lenskart] [main] c.d.l.serviceimplement.AdminServiceImpl  : Preparing UserDTO for admin with email: abc@gmail.com
2026-05-16T23:21:29.527+05:30  INFO 72442 --- [lenskart] [main] c.d.l.serviceimplement.AdminServiceImpl  : Entering addAdmin method with adminDTO: com.demo.lenskart.dto.UserDTO@210b4145
2026-05-16T23:21:29.528+05:30  INFO 72442 --- [lenskart] [main] c.d.l.serviceimplement.AdminServiceImpl  : Admin saved successfully with ID: 0
2026-05-16T23:21:29.535+05:30  INFO 72442 --- [lenskart] [main] c.d.l.serviceimplement.AdminServiceImpl  : Entering updateAdmin method with email: abc@gmail.com
2026-05-16T23:21:29.544+05:30  INFO 72442 --- [lenskart] [main] c.d.l.serviceimplement.AdminServiceImpl  : Entering updateAdminName with email: abc@gmail.com
2026-05-16T23:21:29.552+05:30  INFO 72442 --- [lenskart] [main] c.d.l.serviceimplement.AdminServiceImpl  : Entering updateAdminName with email: abc@gmail.com
2026-05-16T23:21:29.559+05:30  INFO 72442 --- [lenskart] [main] c.d.l.serviceimplement.AdminServiceImpl  : Entering updateAdminName with email: abc@gmail.com
2026-05-16T23:21:29.566+05:30  INFO 72442 --- [lenskart] [main] c.d.l.serviceimplement.AdminServiceImpl  : Entering deleteAdminById with adminId: 1
2026-05-16T23:21:29.567+05:30  INFO 72442 --- [lenskart] [main] c.d.l.serviceimplement.AdminServiceImpl  : Deleting admin with ID: 1
2026-05-16T23:21:29.573+05:30  INFO 72442 --- [lenskart] [main] c.d.l.serviceimplement.AdminServiceImpl  : Entering updateAdmin method with email: abc@gmail.com
2026-05-16T23:21:29.581+05:30  INFO 72442 --- [lenskart] [main] c.d.l.serviceimplement.AdminServiceImpl  : Entering updateAdmin method with email: abc@gmail.com
2026-05-16T23:21:29.582+05:30  WARN 72442 --- [lenskart] [main] c.d.l.serviceimplement.AdminServiceImpl  : No admin found with email: abc@gmail.com
2026-05-16T23:21:29.587+05:30  INFO 72442 --- [lenskart] [main] c.d.l.serviceimplement.AdminServiceImpl  : Entering updateAdminName with email: abc@gmail.com
2026-05-16T23:21:29.588+05:30  WARN 72442 --- [lenskart] [main] c.d.l.serviceimplement.AdminServiceImpl  : Admin with email abc@gmail.com not found
2026-05-16T23:21:29.594+05:30  INFO 72442 --- [lenskart] [main] c.d.l.serviceimplement.AdminServiceImpl  : Entering deleteAdminById with adminId: 1
2026-05-16T23:21:29.594+05:30  WARN 72442 --- [lenskart] [main] c.d.l.serviceimplement.AdminServiceImpl  : No user found with ID: 1
2026-05-16T23:21:29.607+05:30  INFO 72442 --- [lenskart] [main] c.d.l.serviceimplement.AdminServiceImpl  : Entering deleteAdminById with adminId: 1
2026-05-16T23:21:29.607+05:30  WARN 72442 --- [lenskart] [main] c.d.l.serviceimplement.AdminServiceImpl  : User with ID: 0 and email: abc@gmail.com is not an admin. Role: CUSTOMER
2026-05-16T23:21:29.613+05:30  INFO 72442 --- [lenskart] [main] c.d.l.serviceimplement.AdminServiceImpl  : Entering addAdmin method with adminDTO: com.demo.lenskart.dto.UserDTO@68c1d547
2026-05-16T23:21:29.614+05:30  INFO 72442 --- [lenskart] [main] c.d.l.serviceimplement.AdminServiceImpl  : Admin saved successfully with ID: 0
2026-05-16T23:21:29.627+05:30  INFO 72442 --- [lenskart] [main] c.d.l.serviceimplement.AdminServiceImpl  : Entering getAdminByEmail with email: abc@gmail.com
2026-05-16T23:21:29.627+05:30  WARN 72442 --- [lenskart] [main] c.d.l.serviceimplement.AdminServiceImpl  : User with email abc@gmail.com is not an admin. Role: CUSTOMER
2026-05-16T23:21:29.636+05:30  INFO 72442 --- [lenskart] [main] c.d.l.serviceimplement.AdminServiceImpl  : Entering getAdminByEmail with email: abc@gmail.com
2026-05-16T23:21:29.637+05:30  WARN 72442 --- [lenskart] [main] c.d.l.serviceimplement.AdminServiceImpl  : No user found with email: abc@gmail.com
2026-05-16T23:21:29.858+05:30  INFO 72442 --- [lenskart] [main] c.d.l.serviceimplement.CartServiceImpl   : Initiating update for Cart ID: 1
2026-05-16T23:21:29.859+05:30  INFO 72442 --- [lenskart] [main] c.d.l.serviceimplement.CartServiceImpl   : Cart updated: Quantity = 5
2026-05-16T23:21:29.862+05:30  INFO 72442 --- [lenskart] [main] c.d.l.serviceimplement.CartServiceImpl   : Initiating update for Cart ID: 0
2026-05-16T23:21:29.862+05:30 ERROR 72442 --- [lenskart] [main] c.d.l.serviceimplement.CartServiceImpl   : Cart not found with ID: 0
2026-05-16T23:21:29.866+05:30  INFO 72442 --- [lenskart] [main] c.d.l.serviceimplement.CartServiceImpl   : Attempting to add cart for Customer ID: 1
2026-05-16T23:21:29.867+05:30  INFO 72442 --- [lenskart] [main] c.d.l.serviceimplement.CartServiceImpl   : Cart saved successfully with ID: 1
2026-05-16T23:21:29.871+05:30  INFO 72442 --- [lenskart] [main] c.d.l.serviceimplement.CartServiceImpl   : Request received to delete Cart ID: 1
2026-05-16T23:21:29.871+05:30  WARN 72442 --- [lenskart] [main] c.d.l.serviceimplement.CartServiceImpl   : Cart ID 1 has customer linked, cannot delete
2026-05-16T23:21:29.880+05:30  INFO 72442 --- [lenskart] [main] c.d.l.serviceimplement.CartServiceImpl   : Request received to delete Cart ID: 1
2026-05-16T23:21:29.885+05:30  INFO 72442 --- [lenskart] [main] c.d.l.serviceimplement.CartServiceImpl   : Cart ID 1 deleted successfully
2026-05-16T23:21:29.891+05:30  INFO 72442 --- [lenskart] [main] c.d.l.serviceimplement.CartServiceImpl   : Initiating update for Cart ID: 1
2026-05-16T23:21:29.891+05:30  INFO 72442 --- [lenskart] [main] c.d.l.serviceimplement.CartServiceImpl   : Cart updated: Quantity = 2
2026-05-16T23:21:29.903+05:30  INFO 72442 --- [lenskart] [main] c.d.l.serviceimplement.CartServiceImpl   : Attempting to add cart for Customer ID: 1
2026-05-16T23:21:29.904+05:30 ERROR 72442 --- [lenskart] [main] c.d.l.serviceimplement.CartServiceImpl   : Customer not found with ID: 1
2026-05-16T23:21:29.914+05:30  INFO 72442 --- [lenskart] [main] c.d.l.serviceimplement.CartServiceImpl   : Initiating update for Cart ID: 0
2026-05-16T23:21:29.916+05:30 ERROR 72442 --- [lenskart] [main] c.d.l.serviceimplement.CartServiceImpl   : Cart not found with ID: 0
2026-05-16T23:21:30.127+05:30 ERROR 72442 --- [lenskart] [main] c.d.l.s.ProductServiceImpl               : Product not found with ID: 1
2026-05-16T23:21:30.134+05:30  INFO 72442 --- [lenskart] [main] c.d.l.s.ProductServiceImpl               : Product retrieved successfully for ID: 1
2026-05-16T23:21:30.140+05:30  WARN 72442 --- [lenskart] [main] c.d.l.s.ProductServiceImpl               : Validation failed: com.demo.lenskart.dto.ProductDTO@27d38370
2026-05-16T23:21:30.147+05:30 ERROR 72442 --- [lenskart] [main] c.d.l.s.ProductServiceImpl               : Category not found: Eyewear
2026-05-16T23:21:30.164+05:30  INFO 72442 --- [lenskart] [main] c.d.l.s.ProductServiceImpl               : Successfully retrieved 1 products
2026-05-16T23:21:30.178+05:30 ERROR 72442 --- [lenskart] [main] c.d.l.s.ProductServiceImpl               : Delete failed. Product not found with ID: 1
2026-05-16T23:21:30.187+05:30  WARN 72442 --- [lenskart] [main] c.d.l.s.ProductServiceImpl               : Product not found for update with ID: 1
2026-05-16T23:21:30.195+05:30 ERROR 72442 --- [lenskart] [main] c.d.l.s.ProductServiceImpl               : Invalid product details provided: com.demo.lenskart.dto.ProductDTO@28516b2d
2026-05-16T23:21:30.207+05:30 ERROR 72442 --- [lenskart] [main] c.d.l.s.ProductServiceImpl               : Category not found: Eyewear
2026-05-16T23:21:30.214+05:30  INFO 72442 --- [lenskart] [main] c.d.l.s.ProductServiceImpl               : Found 1 products under brand: RayBan
2026-05-16T23:21:30.225+05:30 ERROR 72442 --- [lenskart] [main] c.d.l.s.ProductServiceImpl               : Category not found: Eyewear
2026-05-16T23:21:30.229+05:30  WARN 72442 --- [lenskart] [main] c.d.l.s.ProductServiceImpl               : No products found in the database
2026-05-16T23:21:30.233+05:30  INFO 72442 --- [lenskart] [main] c.d.l.s.ProductServiceImpl               : Product deleted successfully with ID: 1
2026-05-16T23:21:30.366+05:30  INFO 72442 --- [lenskart] [main] c.d.l.s.OrdersServiceImpl                : Attempting to place order for Cart ID: 99
2026-05-16T23:21:30.366+05:30 ERROR 72442 --- [lenskart] [main] c.d.l.s.OrdersServiceImpl                : Cart not found with ID: 99
2026-05-16T23:21:30.425+05:30  INFO 72442 --- [lenskart] [main] c.d.l.s.OrdersServiceImpl                : Request received to delete Order ID: 777
2026-05-16T23:21:30.426+05:30  INFO 72442 --- [lenskart] [main] c.d.l.s.OrdersServiceImpl                : Order deleted successfully for Order ID: 777
2026-05-16T23:21:30.478+05:30  INFO 72442 --- [lenskart] [main] c.d.l.s.OrdersServiceImpl                : Request received to update Order ID: 404
2026-05-16T23:21:30.478+05:30 ERROR 72442 --- [lenskart] [main] c.d.l.s.OrdersServiceImpl                : Order not found with ID: 404
2026-05-16T23:21:30.482+05:30  INFO 72442 --- [lenskart] [main] c.d.l.s.OrdersServiceImpl                : Attempting to place order for Cart ID: 55
2026-05-16T23:21:30.483+05:30  INFO 72442 --- [lenskart] [main] c.d.l.s.OrdersServiceImpl                : Order placed successfully with Order ID: 999
2026-05-16T23:21:30.494+05:30  INFO 72442 --- [lenskart] [main] c.d.l.s.OrdersServiceImpl                : Request received to update Order ID: 101
2026-05-16T23:21:30.497+05:30  INFO 72442 --- [lenskart] [main] c.d.l.s.OrdersServiceImpl                : Order updated successfully for Order ID: 101
2026-05-16T23:21:30.511+05:30  INFO 72442 --- [lenskart] [main] c.d.l.s.OrdersServiceImpl                : Request received to delete Order ID: 999
2026-05-16T23:21:30.512+05:30  INFO 72442 --- [lenskart] [main] c.d.l.s.OrdersServiceImpl                : Order deleted successfully for Order ID: 999
2026-05-16T23:21:30.525+05:30  INFO 72442 --- [lenskart] [main] c.d.l.s.OrdersServiceImpl                : Fetching orders for Customer ID: 200
2026-05-16T23:21:30.526+05:30  WARN 72442 --- [lenskart] [main] c.d.l.s.OrdersServiceImpl                : No orders found for Customer ID: 200
2026-05-16T23:21:30.533+05:30  INFO 72442 --- [lenskart] [main] c.d.l.s.OrdersServiceImpl                : Fetching orders for Customer ID: 0
2026-05-16T23:21:30.534+05:30 ERROR 72442 --- [lenskart] [main] c.d.l.s.OrdersServiceImpl                : Invalid Customer ID: 0
2026-05-16T23:21:30.545+05:30  INFO 72442 --- [lenskart] [main] c.d.l.s.OrdersServiceImpl                : Attempting to place order for Cart ID: 55
2026-05-16T23:21:30.546+05:30 ERROR 72442 --- [lenskart] [main] c.d.l.s.OrdersServiceImpl                : Order date is missing for Cart ID: 55
2026-05-16T23:21:30.552+05:30  INFO 72442 --- [lenskart] [main] c.d.l.s.OrdersServiceImpl                : Fetching orders for Customer ID: 100
2026-05-16T23:21:30.554+05:30  INFO 72442 --- [lenskart] [main] c.d.l.s.OrdersServiceImpl                : Orders retrieved for Customer ID 100: 1
2026-05-16T23:21:30.565+05:30  INFO 72442 --- [lenskart] [main] c.d.l.s.OrdersServiceImpl                : Request received to update Order ID: 101
2026-05-16T23:21:30.566+05:30 ERROR 72442 --- [lenskart] [main] c.d.l.s.OrdersServiceImpl                : Missing date for Order ID: 101
2026-05-16T23:21:30.578+05:30  INFO 72442 --- [lenskart] [main] c.d.l.s.OrdersServiceImpl                : Request received to delete Order ID: 888
2026-05-16T23:21:30.579+05:30  WARN 72442 --- [lenskart] [main] c.d.l.s.OrdersServiceImpl                : Attempt to delete non-existent Order ID: 888
2026-05-16T23:21:30.605+05:30  WARN 72442 --- [lenskart] [main] c.d.l.s.CategoryServiceImpl              : Provided category name is empty
2026-05-16T23:21:30.611+05:30 ERROR 72442 --- [lenskart] [main] c.d.l.s.CategoryServiceImpl              : No category found with name: Eyewear
2026-05-16T23:21:30.616+05:30 ERROR 72442 --- [lenskart] [main] c.d.l.s.CategoryServiceImpl              : No category found with ID: 1
2026-05-16T23:21:30.621+05:30  INFO 72442 --- [lenskart] [main] c.d.l.s.CategoryServiceImpl              : Category found for name 'Eyewear', ID: 1
2026-05-16T23:21:30.643+05:30  INFO 72442 --- [lenskart] [main] c.d.l.s.CategoryServiceImpl              : Category updated successfully for ID: 1
2026-05-16T23:21:30.650+05:30  INFO 72442 --- [lenskart] [main] c.d.l.s.CategoryServiceImpl              : Category added with ID: 0
2026-05-16T23:21:30.656+05:30 ERROR 72442 --- [lenskart] [main] c.d.l.s.CategoryServiceImpl              : Category not found — cannot update ID: 1
2026-05-16T23:21:30.660+05:30 ERROR 72442 --- [lenskart] [main] c.d.l.s.CategoryServiceImpl              : Invalid category data: com.demo.lenskart.dto.CategoryDTO@18b77ec9
2026-05-16T23:21:30.670+05:30  INFO 72442 --- [lenskart] [main] c.d.l.s.CategoryServiceImpl              : Category found for ID: 1 with name 'Eyewear'
2026-05-16T23:21:30.678+05:30  WARN 72442 --- [lenskart] [main] c.d.l.s.CategoryServiceImpl              : Category name input is empty
2026-05-16T23:21:30.681+05:30  INFO 72442 --- [lenskart] [main] c.d.l.s.CategoryServiceImpl              : Category added with ID: 0
2026-05-16T23:21:30.763+05:30  INFO 72442 --- [lenskart] [SpringApplicationShutdownHook] j.LocalContainerEntityManagerFactoryBean : Closing JPA EntityManagerFactory for persistence unit 'default'
2026-05-16T23:21:30.772+05:30  INFO 72442 --- [lenskart] [SpringApplicationShutdownHook] com.zaxxer.hikari.HikariDataSource       : HikariPool-1 - Shutdown initiated...
2026-05-16T23:21:30.804+05:30  INFO 72442 --- [lenskart] [SpringApplicationShutdownHook] com.zaxxer.hikari.HikariDataSource       : HikariPool-1 - Shutdown completed.
2026-05-16T23:22:35.173+05:30  INFO 73089 --- [lenskart] [main] c.d.lenskart.LenskartApplicationTests    : Starting LenskartApplicationTests using Java 17.0.18 with PID 73089 (started by blade in /home/blade/IdeaProjects/lenskart)
2026-05-16T23:22:35.175+05:30  INFO 73089 --- [lenskart] [main] c.d.lenskart.LenskartApplicationTests    : No active profile set, falling back to 1 default profile: "default"
2026-05-16T23:22:35.871+05:30  INFO 73089 --- [lenskart] [main] .s.d.r.c.RepositoryConfigurationDelegate : Bootstrapping Spring Data JPA repositories in DEFAULT mode.
2026-05-16T23:22:35.943+05:30  INFO 73089 --- [lenskart] [main] .s.d.r.c.RepositoryConfigurationDelegate : Finished Spring Data repository scanning in 63 ms. Found 5 JPA repository interfaces.
2026-05-16T23:22:36.368+05:30  INFO 73089 --- [lenskart] [main] o.hibernate.jpa.internal.util.LogHelper  : HHH000204: Processing PersistenceUnitInfo [name: default]
2026-05-16T23:22:36.443+05:30  INFO 73089 --- [lenskart] [main] org.hibernate.Version                    : HHH000412: Hibernate ORM core version 6.6.18.Final
2026-05-16T23:22:36.475+05:30  INFO 73089 --- [lenskart] [main] o.h.c.internal.RegionFactoryInitiator    : HHH000026: Second-level cache disabled
2026-05-16T23:22:36.674+05:30  INFO 73089 --- [lenskart] [main] o.s.o.j.p.SpringPersistenceUnitInfo      : No LoadTimeWeaver setup: ignoring JPA class transformer
2026-05-16T23:22:36.695+05:30  INFO 73089 --- [lenskart] [main] com.zaxxer.hikari.HikariDataSource       : HikariPool-1 - Starting...
2026-05-16T23:22:36.987+05:30  INFO 73089 --- [lenskart] [main] com.zaxxer.hikari.pool.HikariPool        : HikariPool-1 - Added connection org.postgresql.jdbc.PgConnection@f793f15
2026-05-16T23:22:36.989+05:30  INFO 73089 --- [lenskart] [main] com.zaxxer.hikari.HikariDataSource       : HikariPool-1 - Start completed.
2026-05-16T23:22:37.018+05:30  WARN 73089 --- [lenskart] [main] org.hibernate.orm.deprecation            : HHH90000025: PostgreSQLDialect does not need to be specified explicitly using 'hibernate.dialect' (remove the property setting and it will be selected by default)
2026-05-16T23:22:37.041+05:30  INFO 73089 --- [lenskart] [main] org.hibernate.orm.connections.pooling    : HHH10001005: Database info:
	Database JDBC URL [Connecting through datasource 'HikariDataSource (HikariPool-1)']
	Database driver: undefined/unknown
	Database version: 18.4
	Autocommit mode: undefined/unknown
	Isolation level: undefined/unknown
	Minimum pool size: undefined/unknown
	Maximum pool size: undefined/unknown
2026-05-16T23:22:37.840+05:30  INFO 73089 --- [lenskart] [main] o.h.e.t.j.p.i.JtaPlatformInitiator       : HHH000489: No JTA platform available (set 'hibernate.transaction.jta.platform' to enable JTA platform integration)
2026-05-16T23:22:37.955+05:30  INFO 73089 --- [lenskart] [main] j.LocalContainerEntityManagerFactoryBean : Initialized JPA EntityManagerFactory for persistence unit 'default'
2026-05-16T23:22:38.417+05:30  WARN 73089 --- [lenskart] [main] JpaBaseConfiguration$JpaWebConfiguration : spring.jpa.open-in-view is enabled by default. Therefore, database queries may be performed during view rendering. Explicitly configure spring.jpa.open-in-view to disable this warning
2026-05-16T23:22:38.661+05:30  WARN 73089 --- [lenskart] [main] .s.s.UserDetailsServiceAutoConfiguration : 

Using generated security password: c08beb26-2fd1-47dc-b238-8eee00a9655e

This generated password is for development use only. Your security configuration must be updated before running your application in production.

2026-05-16T23:22:38.668+05:30  INFO 73089 --- [lenskart] [main] r$InitializeUserDetailsManagerConfigurer : Global AuthenticationManager configured with UserDetailsService bean with name inMemoryUserDetailsManager
2026-05-16T23:22:39.046+05:30  INFO 73089 --- [lenskart] [main] c.d.lenskart.LenskartApplicationTests    : Started LenskartApplicationTests in 4.162 seconds (process running for 4.994)
2026-05-16T23:22:39.706+05:30  INFO 73089 --- [lenskart] [main] c.d.l.s.CustomerServiceImpl              : Entering updateCustomer with email: abc@gmail.com
2026-05-16T23:22:39.725+05:30  INFO 73089 --- [lenskart] [main] c.d.l.s.CustomerServiceImpl              : Entering getByEmail method with email: abc@gmail.com
2026-05-16T23:22:39.726+05:30  INFO 73089 --- [lenskart] [main] c.d.l.s.CustomerServiceImpl              : Transforming User entity to UserDTO for email: abc@gmail.com
2026-05-16T23:22:39.746+05:30  INFO 73089 --- [lenskart] [main] c.d.l.s.CustomerServiceImpl              : Entering registerCustomer with customerDTO: com.demo.lenskart.dto.UserDTO@5ae3f536
2026-05-16T23:22:39.757+05:30  INFO 73089 --- [lenskart] [main] c.d.l.s.CustomerServiceImpl              : Entering deleteCustomer with userId: 1
2026-05-16T23:22:39.758+05:30  WARN 73089 --- [lenskart] [main] c.d.l.s.CustomerServiceImpl              : Customer with ID 1 not found
2026-05-16T23:22:39.762+05:30  INFO 73089 --- [lenskart] [main] c.d.l.s.CustomerServiceImpl              : Entering updateCustomer with email: abc@gmail.com
2026-05-16T23:22:39.781+05:30  INFO 73089 --- [lenskart] [main] c.d.l.s.CustomerServiceImpl              : Entering updateCustomerName with email: abc@gmail.com
2026-05-16T23:22:39.799+05:30  INFO 73089 --- [lenskart] [main] c.d.l.s.CustomerServiceImpl              : Entering deleteCustomer with userId: 1
2026-05-16T23:22:39.800+05:30  WARN 73089 --- [lenskart] [main] c.d.l.s.CustomerServiceImpl              : User with ID: 0 and email: abc@gmail.com is not a customer. Role found: Admin
2026-05-16T23:22:39.814+05:30  INFO 73089 --- [lenskart] [main] c.d.l.s.CustomerServiceImpl              : Entering registerCustomer with customerDTO: com.demo.lenskart.dto.UserDTO@5cb6fac3
2026-05-16T23:22:39.815+05:30  WARN 73089 --- [lenskart] [main] c.d.l.s.CustomerServiceImpl              : Attempt to register another customer when one already exists. Existing customer ID: 0
2026-05-16T23:22:39.828+05:30  INFO 73089 --- [lenskart] [main] c.d.l.s.CustomerServiceImpl              : Entering updateCustomer with email: abc@gmail.com
2026-05-16T23:22:39.845+05:30  INFO 73089 --- [lenskart] [main] c.d.l.s.CustomerServiceImpl              : Entering updateCustomerName with email: abc@gmail.com
2026-05-16T23:22:39.863+05:30  INFO 73089 --- [lenskart] [main] c.d.l.s.CustomerServiceImpl              : Entering updateCustomer with email: abc@gmail.com
2026-05-16T23:22:39.864+05:30  WARN 73089 --- [lenskart] [main] c.d.l.s.CustomerServiceImpl              : Customer not found with email: abc@gmail.com
2026-05-16T23:22:39.878+05:30  INFO 73089 --- [lenskart] [main] c.d.l.s.CustomerServiceImpl              : Entering updateCustomerName with email: abc@gmail.com
2026-05-16T23:22:39.879+05:30  WARN 73089 --- [lenskart] [main] c.d.l.s.CustomerServiceImpl              : No customer found with email: abc@gmail.com
2026-05-16T23:22:39.893+05:30  INFO 73089 --- [lenskart] [main] c.d.l.s.CustomerServiceImpl              : Entering updateCustomerName with email: abc@gmail.com
2026-05-16T23:22:39.899+05:30  INFO 73089 --- [lenskart] [main] c.d.l.s.CustomerServiceImpl              : Entering getByEmail method with email: abc@gmail.com
2026-05-16T23:22:39.900+05:30  WARN 73089 --- [lenskart] [main] c.d.l.s.CustomerServiceImpl              : User with email abc@gmail.com is not a customer. Role found: ADMIN
2026-05-16T23:22:39.911+05:30  INFO 73089 --- [lenskart] [main] c.d.l.s.CustomerServiceImpl              : Entering deleteCustomer with userId: 1
2026-05-16T23:22:39.911+05:30  INFO 73089 --- [lenskart] [main] c.d.l.s.CustomerServiceImpl              : Deleting customer with ID: 1
2026-05-16T23:22:39.917+05:30  INFO 73089 --- [lenskart] [main] c.d.l.s.CustomerServiceImpl              : Entering getByEmail method with email: abc@gmail.com
2026-05-16T23:22:39.918+05:30  WARN 73089 --- [lenskart] [main] c.d.l.s.CustomerServiceImpl              : Customer not found with email: abc@gmail.com
2026-05-16T23:22:39.937+05:30  INFO 73089 --- [lenskart] [main] c.d.l.serviceimplement.AdminServiceImpl  : Entering updateAdmin method with email: abc@gmail.com
2026-05-16T23:22:39.946+05:30  INFO 73089 --- [lenskart] [main] c.d.l.serviceimplement.AdminServiceImpl  : Entering getAdminByEmail with email: abc@gmail.com
2026-05-16T23:22:39.947+05:30  INFO 73089 --- [lenskart] [main] c.d.l.serviceimplement.AdminServiceImpl  : Preparing UserDTO for admin with email: abc@gmail.com
2026-05-16T23:22:39.957+05:30  INFO 73089 --- [lenskart] [main] c.d.l.serviceimplement.AdminServiceImpl  : Entering addAdmin method with adminDTO: com.demo.lenskart.dto.UserDTO@226346d4
2026-05-16T23:22:39.959+05:30  INFO 73089 --- [lenskart] [main] c.d.l.serviceimplement.AdminServiceImpl  : Admin saved successfully with ID: 0
2026-05-16T23:22:39.971+05:30  INFO 73089 --- [lenskart] [main] c.d.l.serviceimplement.AdminServiceImpl  : Entering updateAdmin method with email: abc@gmail.com
2026-05-16T23:22:39.981+05:30  INFO 73089 --- [lenskart] [main] c.d.l.serviceimplement.AdminServiceImpl  : Entering updateAdminName with email: abc@gmail.com
2026-05-16T23:22:39.993+05:30  INFO 73089 --- [lenskart] [main] c.d.l.serviceimplement.AdminServiceImpl  : Entering updateAdminName with email: abc@gmail.com
2026-05-16T23:22:40.002+05:30  INFO 73089 --- [lenskart] [main] c.d.l.serviceimplement.AdminServiceImpl  : Entering updateAdminName with email: abc@gmail.com
2026-05-16T23:22:40.013+05:30  INFO 73089 --- [lenskart] [main] c.d.l.serviceimplement.AdminServiceImpl  : Entering deleteAdminById with adminId: 1
2026-05-16T23:22:40.014+05:30  INFO 73089 --- [lenskart] [main] c.d.l.serviceimplement.AdminServiceImpl  : Deleting admin with ID: 1
2026-05-16T23:22:40.024+05:30  INFO 73089 --- [lenskart] [main] c.d.l.serviceimplement.AdminServiceImpl  : Entering updateAdmin method with email: abc@gmail.com
2026-05-16T23:22:40.035+05:30  INFO 73089 --- [lenskart] [main] c.d.l.serviceimplement.AdminServiceImpl  : Entering updateAdmin method with email: abc@gmail.com
2026-05-16T23:22:40.037+05:30  WARN 73089 --- [lenskart] [main] c.d.l.serviceimplement.AdminServiceImpl  : No admin found with email: abc@gmail.com
2026-05-16T23:22:40.046+05:30  INFO 73089 --- [lenskart] [main] c.d.l.serviceimplement.AdminServiceImpl  : Entering updateAdminName with email: abc@gmail.com
2026-05-16T23:22:40.047+05:30  WARN 73089 --- [lenskart] [main] c.d.l.serviceimplement.AdminServiceImpl  : Admin with email abc@gmail.com not found
2026-05-16T23:22:40.054+05:30  INFO 73089 --- [lenskart] [main] c.d.l.serviceimplement.AdminServiceImpl  : Entering deleteAdminById with adminId: 1
2026-05-16T23:22:40.055+05:30  WARN 73089 --- [lenskart] [main] c.d.l.serviceimplement.AdminServiceImpl  : No user found with ID: 1
2026-05-16T23:22:40.064+05:30  INFO 73089 --- [lenskart] [main] c.d.l.serviceimplement.AdminServiceImpl  : Entering deleteAdminById with adminId: 1
2026-05-16T23:22:40.065+05:30  WARN 73089 --- [lenskart] [main] c.d.l.serviceimplement.AdminServiceImpl  : User with ID: 0 and email: abc@gmail.com is not an admin. Role: CUSTOMER
2026-05-16T23:22:40.073+05:30  INFO 73089 --- [lenskart] [main] c.d.l.serviceimplement.AdminServiceImpl  : Entering addAdmin method with adminDTO: com.demo.lenskart.dto.UserDTO@35408036
2026-05-16T23:22:40.075+05:30  INFO 73089 --- [lenskart] [main] c.d.l.serviceimplement.AdminServiceImpl  : Admin saved successfully with ID: 0
2026-05-16T23:22:40.080+05:30  INFO 73089 --- [lenskart] [main] c.d.l.serviceimplement.AdminServiceImpl  : Entering getAdminByEmail with email: abc@gmail.com
2026-05-16T23:22:40.080+05:30  WARN 73089 --- [lenskart] [main] c.d.l.serviceimplement.AdminServiceImpl  : User with email abc@gmail.com is not an admin. Role: CUSTOMER
2026-05-16T23:22:40.092+05:30  INFO 73089 --- [lenskart] [main] c.d.l.serviceimplement.AdminServiceImpl  : Entering getAdminByEmail with email: abc@gmail.com
2026-05-16T23:22:40.094+05:30  WARN 73089 --- [lenskart] [main] c.d.l.serviceimplement.AdminServiceImpl  : No user found with email: abc@gmail.com
2026-05-16T23:22:40.304+05:30  INFO 73089 --- [lenskart] [main] c.d.l.serviceimplement.CartServiceImpl   : Initiating update for Cart ID: 1
2026-05-16T23:22:40.304+05:30  INFO 73089 --- [lenskart] [main] c.d.l.serviceimplement.CartServiceImpl   : Cart updated: Quantity = 5
2026-05-16T23:22:40.307+05:30  INFO 73089 --- [lenskart] [main] c.d.l.serviceimplement.CartServiceImpl   : Initiating update for Cart ID: 0
2026-05-16T23:22:40.307+05:30 ERROR 73089 --- [lenskart] [main] c.d.l.serviceimplement.CartServiceImpl   : Cart not found with ID: 0
2026-05-16T23:22:40.310+05:30  INFO 73089 --- [lenskart] [main] c.d.l.serviceimplement.CartServiceImpl   : Attempting to add cart for Customer ID: 1
2026-05-16T23:22:40.310+05:30  INFO 73089 --- [lenskart] [main] c.d.l.serviceimplement.CartServiceImpl   : Cart saved successfully with ID: 1
2026-05-16T23:22:40.314+05:30  INFO 73089 --- [lenskart] [main] c.d.l.serviceimplement.CartServiceImpl   : Request received to delete Cart ID: 1
2026-05-16T23:22:40.315+05:30  WARN 73089 --- [lenskart] [main] c.d.l.serviceimplement.CartServiceImpl   : Cart ID 1 has customer linked, cannot delete
2026-05-16T23:22:40.325+05:30  INFO 73089 --- [lenskart] [main] c.d.l.serviceimplement.CartServiceImpl   : Request received to delete Cart ID: 1
2026-05-16T23:22:40.325+05:30  INFO 73089 --- [lenskart] [main] c.d.l.serviceimplement.CartServiceImpl   : Cart ID 1 deleted successfully
2026-05-16T23:22:40.328+05:30  INFO 73089 --- [lenskart] [main] c.d.l.serviceimplement.CartServiceImpl   : Initiating update for Cart ID: 1
2026-05-16T23:22:40.328+05:30  INFO 73089 --- [lenskart] [main] c.d.l.serviceimplement.CartServiceImpl   : Cart updated: Quantity = 2
2026-05-16T23:22:40.333+05:30  INFO 73089 --- [lenskart] [main] c.d.l.serviceimplement.CartServiceImpl   : Attempting to add cart for Customer ID: 1
2026-05-16T23:22:40.336+05:30 ERROR 73089 --- [lenskart] [main] c.d.l.serviceimplement.CartServiceImpl   : Customer not found with ID: 1
2026-05-16T23:22:40.344+05:30  INFO 73089 --- [lenskart] [main] c.d.l.serviceimplement.CartServiceImpl   : Initiating update for Cart ID: 0
2026-05-16T23:22:40.345+05:30 ERROR 73089 --- [lenskart] [main] c.d.l.serviceimplement.CartServiceImpl   : Cart not found with ID: 0
2026-05-16T23:22:40.457+05:30 ERROR 73089 --- [lenskart] [main] c.d.l.s.ProductServiceImpl               : Product not found with ID: 1
2026-05-16T23:22:40.460+05:30  INFO 73089 --- [lenskart] [main] c.d.l.s.ProductServiceImpl               : Product retrieved successfully for ID: 1
2026-05-16T23:22:40.463+05:30  WARN 73089 --- [lenskart] [main] c.d.l.s.ProductServiceImpl               : Validation failed: com.demo.lenskart.dto.ProductDTO@38e61b69
2026-05-16T23:22:40.466+05:30 ERROR 73089 --- [lenskart] [main] c.d.l.s.ProductServiceImpl               : Category not found: Eyewear
2026-05-16T23:22:40.469+05:30  INFO 73089 --- [lenskart] [main] c.d.l.s.ProductServiceImpl               : Successfully retrieved 1 products
2026-05-16T23:22:40.479+05:30 ERROR 73089 --- [lenskart] [main] c.d.l.s.ProductServiceImpl               : Delete failed. Product not found with ID: 1
2026-05-16T23:22:40.483+05:30  WARN 73089 --- [lenskart] [main] c.d.l.s.ProductServiceImpl               : Product not found for update with ID: 1
2026-05-16T23:22:40.492+05:30 ERROR 73089 --- [lenskart] [main] c.d.l.s.ProductServiceImpl               : Invalid product details provided: com.demo.lenskart.dto.ProductDTO@3294b641
2026-05-16T23:22:40.496+05:30 ERROR 73089 --- [lenskart] [main] c.d.l.s.ProductServiceImpl               : Category not found: Eyewear
2026-05-16T23:22:40.509+05:30  INFO 73089 --- [lenskart] [main] c.d.l.s.ProductServiceImpl               : Found 1 products under brand: RayBan
2026-05-16T23:22:40.512+05:30 ERROR 73089 --- [lenskart] [main] c.d.l.s.ProductServiceImpl               : Category not found: Eyewear
2026-05-16T23:22:40.515+05:30  WARN 73089 --- [lenskart] [main] c.d.l.s.ProductServiceImpl               : No products found in the database
2026-05-16T23:22:40.525+05:30  INFO 73089 --- [lenskart] [main] c.d.l.s.ProductServiceImpl               : Product deleted successfully with ID: 1
2026-05-16T23:22:40.635+05:30  INFO 73089 --- [lenskart] [main] c.d.l.s.OrdersServiceImpl                : Attempting to place order for Cart ID: 99
2026-05-16T23:22:40.635+05:30 ERROR 73089 --- [lenskart] [main] c.d.l.s.OrdersServiceImpl                : Cart not found with ID: 99
2026-05-16T23:22:40.688+05:30  INFO 73089 --- [lenskart] [main] c.d.l.s.OrdersServiceImpl                : Request received to delete Order ID: 777
2026-05-16T23:22:40.688+05:30  INFO 73089 --- [lenskart] [main] c.d.l.s.OrdersServiceImpl                : Order deleted successfully for Order ID: 777
2026-05-16T23:22:40.727+05:30  INFO 73089 --- [lenskart] [main] c.d.l.s.OrdersServiceImpl                : Request received to update Order ID: 404
2026-05-16T23:22:40.728+05:30 ERROR 73089 --- [lenskart] [main] c.d.l.s.OrdersServiceImpl                : Order not found with ID: 404
2026-05-16T23:22:40.732+05:30  INFO 73089 --- [lenskart] [main] c.d.l.s.OrdersServiceImpl                : Attempting to place order for Cart ID: 55
2026-05-16T23:22:40.732+05:30  INFO 73089 --- [lenskart] [main] c.d.l.s.OrdersServiceImpl                : Order placed successfully with Order ID: 999
2026-05-16T23:22:40.746+05:30  INFO 73089 --- [lenskart] [main] c.d.l.s.OrdersServiceImpl                : Request received to update Order ID: 101
2026-05-16T23:22:40.747+05:30  INFO 73089 --- [lenskart] [main] c.d.l.s.OrdersServiceImpl                : Order updated successfully for Order ID: 101
2026-05-16T23:22:40.763+05:30  INFO 73089 --- [lenskart] [main] c.d.l.s.OrdersServiceImpl                : Request received to delete Order ID: 999
2026-05-16T23:22:40.763+05:30  INFO 73089 --- [lenskart] [main] c.d.l.s.OrdersServiceImpl                : Order deleted successfully for Order ID: 999
2026-05-16T23:22:40.777+05:30  INFO 73089 --- [lenskart] [main] c.d.l.s.OrdersServiceImpl                : Fetching orders for Customer ID: 200
2026-05-16T23:22:40.777+05:30  WARN 73089 --- [lenskart] [main] c.d.l.s.OrdersServiceImpl                : No orders found for Customer ID: 200
2026-05-16T23:22:40.782+05:30  INFO 73089 --- [lenskart] [main] c.d.l.s.OrdersServiceImpl                : Fetching orders for Customer ID: 0
2026-05-16T23:22:40.783+05:30 ERROR 73089 --- [lenskart] [main] c.d.l.s.OrdersServiceImpl                : Invalid Customer ID: 0
2026-05-16T23:22:40.793+05:30  INFO 73089 --- [lenskart] [main] c.d.l.s.OrdersServiceImpl                : Attempting to place order for Cart ID: 55
2026-05-16T23:22:40.794+05:30 ERROR 73089 --- [lenskart] [main] c.d.l.s.OrdersServiceImpl                : Order date is missing for Cart ID: 55
2026-05-16T23:22:40.798+05:30  INFO 73089 --- [lenskart] [main] c.d.l.s.OrdersServiceImpl                : Fetching orders for Customer ID: 100
2026-05-16T23:22:40.798+05:30  INFO 73089 --- [lenskart] [main] c.d.l.s.OrdersServiceImpl                : Orders retrieved for Customer ID 100: 1
2026-05-16T23:22:40.809+05:30  INFO 73089 --- [lenskart] [main] c.d.l.s.OrdersServiceImpl                : Request received to update Order ID: 101
2026-05-16T23:22:40.809+05:30 ERROR 73089 --- [lenskart] [main] c.d.l.s.OrdersServiceImpl                : Missing date for Order ID: 101
2026-05-16T23:22:40.812+05:30  INFO 73089 --- [lenskart] [main] c.d.l.s.OrdersServiceImpl                : Request received to delete Order ID: 888
2026-05-16T23:22:40.812+05:30  WARN 73089 --- [lenskart] [main] c.d.l.s.OrdersServiceImpl                : Attempt to delete non-existent Order ID: 888
2026-05-16T23:22:40.828+05:30  WARN 73089 --- [lenskart] [main] c.d.l.s.CategoryServiceImpl              : Provided category name is empty
2026-05-16T23:22:40.833+05:30 ERROR 73089 --- [lenskart] [main] c.d.l.s.CategoryServiceImpl              : No category found with name: Eyewear
2026-05-16T23:22:40.844+05:30 ERROR 73089 --- [lenskart] [main] c.d.l.s.CategoryServiceImpl              : No category found with ID: 1
2026-05-16T23:22:40.849+05:30  INFO 73089 --- [lenskart] [main] c.d.l.s.CategoryServiceImpl              : Category found for name 'Eyewear', ID: 1
2026-05-16T23:22:40.862+05:30  INFO 73089 --- [lenskart] [main] c.d.l.s.CategoryServiceImpl              : Category updated successfully for ID: 1
2026-05-16T23:22:40.868+05:30  INFO 73089 --- [lenskart] [main] c.d.l.s.CategoryServiceImpl              : Category added with ID: 0
2026-05-16T23:22:40.876+05:30 ERROR 73089 --- [lenskart] [main] c.d.l.s.CategoryServiceImpl              : Category not found — cannot update ID: 1
2026-05-16T23:22:40.879+05:30 ERROR 73089 --- [lenskart] [main] c.d.l.s.CategoryServiceImpl              : Invalid category data: com.demo.lenskart.dto.CategoryDTO@2e78213c
2026-05-16T23:22:40.882+05:30  INFO 73089 --- [lenskart] [main] c.d.l.s.CategoryServiceImpl              : Category found for ID: 1 with name 'Eyewear'
2026-05-16T23:22:40.895+05:30  WARN 73089 --- [lenskart] [main] c.d.l.s.CategoryServiceImpl              : Category name input is empty
2026-05-16T23:22:40.899+05:30  INFO 73089 --- [lenskart] [main] c.d.l.s.CategoryServiceImpl              : Category added with ID: 0
2026-05-16T23:22:40.941+05:30  INFO 73089 --- [lenskart] [SpringApplicationShutdownHook] j.LocalContainerEntityManagerFactoryBean : Closing JPA EntityManagerFactory for persistence unit 'default'
2026-05-16T23:22:40.944+05:30  INFO 73089 --- [lenskart] [SpringApplicationShutdownHook] com.zaxxer.hikari.HikariDataSource       : HikariPool-1 - Shutdown initiated...
2026-05-16T23:22:40.972+05:30  INFO 73089 --- [lenskart] [SpringApplicationShutdownHook] com.zaxxer.hikari.HikariDataSource       : HikariPool-1 - Shutdown completed.
